<?xml version="1.0" encoding="UTF-8"?>
<testsuite xmlns:xsi="http://www.w3.org/2001/XMLSchema-instance" xsi:noNamespaceSchemaLocation="https://maven.apache.org/surefire/maven-surefire-plugin/xsd/surefire-test-report.xsd" version="3.0.2" name="com.organiscoapi.OrganiscoApiApplicationTests" time="26.633" tests="1" errors="0" skipped="0" failures="0">
  <properties>
[...]
</properties>
  <testcase name="contextLoads" classname="com.organiscoapi.OrganiscoApiApplicationTests" time="3.631">
    <system-out><![CDATA[00:23:20.748 [main] INFO org.springframework.test.context.support.AnnotationConfigContextLoaderUtils -- Could not detect default configuration classes for test class [com.organiscoapi.OrganiscoApiApplicationTests]: OrganiscoApiApplicationTests does not declare any static, non-private, non-final, nested classes annotated with @Configuration.
00:23:21.292 [main] INFO org.springframework.boot.test.context.SpringBootTestContextBootstrapper -- Found @SpringBootConfiguration com.organiscoapi.OrganiscoApiApplication for test class com.organiscoapi.OrganiscoApiApplicationTests

  .   ____          _            __ _ _
 /\\ / ___'_ __ _ _(_)_ __  __ _ \ \ \ \
( ( )\___ | '_ | '_| | '_ \/ _` | \ \ \ \
 \\/  ___)| |_)| | | | | || (_| |  ) ) ) )
  '  |____| .__|_| |_|_| |_\__, | / / / /
 =========|_|==============|___/=/_/_/_/

 :: Spring Boot ::                (v3.5.5)

2025-09-04T00:23:25.050+05:30  INFO 6876 --- [OrganiscoAPI] [           main] c.o.OrganiscoApiApplicationTests         : Starting OrganiscoApiApplicationTests using Java 17.0.10 with PID 6876 (started by Ritika in E:\GitLab\Organiseo-api)
2025-09-04T00:23:25.110+05:30  INFO 6876 --- [OrganiscoAPI] [           main] c.o.OrganiscoApiApplicationTests         : No active profile set, falling back to 1 default profile: "default"
2025-09-04T00:23:41.016+05:30  WARN 6876 --- [OrganiscoAPI] [           main] .s.s.UserDetailsServiceAutoConfiguration : 

Using generated security password: 3fdb182e-d94a-49dd-b4dd-0070dd5d9138

This generated password is for development use only. Your security configuration must be updated before running your application in production.

2025-09-04T00:23:41.047+05:30  INFO 6876 --- [OrganiscoAPI] [           main] r$InitializeUserDetailsManagerConfigurer : Global AuthenticationManager configured with UserDetailsService bean with name inMemoryUserDetailsManager
2025-09-04T00:23:42.525+05:30  INFO 6876 --- [OrganiscoAPI] [           main] .w.s.a.s.AnnotationActionEndpointMapping : Supporting [WS-Addressing August 2004, WS-Addressing 1.0]
2025-09-04T00:23:42.717+05:30  INFO 6876 --- [OrganiscoAPI] [           main] c.o.OrganiscoApiApplicationTests         : Started OrganiscoApiApplicationTests in 20.407 seconds (process running for 24.574)
]]></system-out>
  </testcase>
</testsuite>